#
# There is insufficient memory for the Java Runtime Environment to continue.
# Native memory allocation (malloc) failed to allocate 32744 bytes for ChunkPool::allocate
# Possible reasons:
#   The system is out of physical RAM or swap space
#   The process is running with CompressedOops enabled, and the Java Heap may be blocking the growth of the native heap
# Possible solutions:
#   Reduce memory load on the system
#   Increase physical memory or swap space
#   Check if swap backing store is full
#   Decrease Java heap size (-Xmx/-Xms)
#   Decrease number of Java threads
#   Decrease Java thread stack sizes (-Xss)
#   Set larger code cache with -XX:ReservedCodeCacheSize=
#   JVM is running with Unscaled Compressed Oops mode in which the Java heap is
#     placed in the first 4GB address space. The Java Heap base address is the
#     maximum limit for the native heap growth. Please use -XX:HeapBaseMinAddress
#     to set the Java Heap base and to place the Java Heap above 4GB virtual address.
# This output file may be truncated or incomplete.
#
#  Out of Memory Error (arena.cpp:78), pid=5368, tid=4324
#
# JRE version: OpenJDK Runtime Environment Temurin-17.0.4.1+1 (17.0.4.1+1) (build 17.0.4.1+1)
# Java VM: OpenJDK 64-Bit Server VM Temurin-17.0.4.1+1 (17.0.4.1+1, mixed mode, tiered, compressed oops, compressed class ptrs, g1 gc, windows-amd64)
# No core dump will be written. Minidumps are not enabled by default on client versions of Windows
#

---------------  S U M M A R Y ------------

Command Line: -Dmaven.home=EMBEDDED -Dclassworlds.conf=C:\Users\Win\Documents\workspace-spring-tool-suite-4-4.16.0.RELEASE\.metadata\.plugins\org.eclipse.m2e.launching\launches\m2conf16110580080961702812.tmp -Dmaven.multiModuleProjectDirectory=C:\Users\Win\Desktop\empl-service -Dfile.encoding=UTF-8 -XX:+ShowCodeDetailsInExceptionMessages org.codehaus.plexus.classworlds.launcher.Launcher -B -Dstyle.color=always sonar:sonar -Dsonar.projectKey=sonar_testo -Dsonar.host.url=http://localhost:9000 -Dsonar.login=sqp_e1003feb2c54f79235665cdfdeac82f8f7342f72

Host: Intel(R) Core(TM) i3-2328M CPU @ 2.20GHz, 4 cores, 1G,  Windows 7 , 64 bit Build 7601 (6.1.7601.23418)
Time: Wed Dec 21 23:21:26 2022 India Standard Time elapsed time: 214.677898 seconds (0d 0h 3m 34s)

---------------  T H R E A D  ---------------

Current thread (0x00000000192992f0):  JavaThread "C2 CompilerThread0" daemon [_thread_in_native, id=4324, stack(0x000000005a760000,0x000000005a860000)]


Current CompileTask:
C2: 214678 4076       4       org.eclipse.aether.util.graph.transformer.ConflictResolver::gatherConflictItems (111 bytes)

Stack: [0x000000005a760000,0x000000005a860000]
Native frames: (J=compiled Java code, j=interpreted, Vv=VM code, C=native code)
V  [jvm.dll+0x67731a]
V  [jvm.dll+0x832284]
V  [jvm.dll+0x833a2e]
V  [jvm.dll+0x834093]
V  [jvm.dll+0x245775]
V  [jvm.dll+0xabfc0]
V  [jvm.dll+0xac30c]
V  [jvm.dll+0x11dae8]
V  [jvm.dll+0x6a0691]
V  [jvm.dll+0x1bc004]
V  [jvm.dll+0x2187d9]
V  [jvm.dll+0x217aa1]
V  [jvm.dll+0x1a3f8d]
V  [jvm.dll+0x227498]
V  [jvm.dll+0x2255e5]
V  [jvm.dll+0x7e7e9b]
V  [jvm.dll+0x7e240a]
V  [jvm.dll+0x6761a5]
C  [ucrtbase.DLL+0x1c1ae]
C  [kernel32.dll+0x159bd]
C  [ntdll.dll+0x2a2e1]


---------------  P R O C E S S  ---------------

Threads class SMR info:
_java_thread_list=0x000000005aaab000, length=12, elements={
0x00000000002fa960, 0x00000000192622d0, 0x00000000192649d0, 0x0000000019269720,
0x0000000019269fe0, 0x00000000192811d0, 0x0000000019297a70, 0x00000000192992f0,
0x00000000192c7330, 0x00000000192d1830, 0x000000005aac60c0, 0x000000005aaef240
}

Java Threads: ( => current thread )
  0x00000000002fa960 JavaThread "main" [_thread_in_native, id=3404, stack(0x0000000001fd0000,0x00000000020d0000)]
  0x00000000192622d0 JavaThread "Reference Handler" daemon [_thread_blocked, id=4608, stack(0x0000000059e90000,0x0000000059f90000)]
  0x00000000192649d0 JavaThread "Finalizer" daemon [_thread_blocked, id=4676, stack(0x000000005a130000,0x000000005a230000)]
  0x0000000019269720 JavaThread "Signal Dispatcher" daemon [_thread_blocked, id=3740, stack(0x000000005a270000,0x000000005a370000)]
  0x0000000019269fe0 JavaThread "Attach Listener" daemon [_thread_blocked, id=5372, stack(0x000000005a3c0000,0x000000005a4c0000)]
  0x00000000192811d0 JavaThread "Service Thread" daemon [_thread_blocked, id=5524, stack(0x000000005a510000,0x000000005a610000)]
  0x0000000019297a70 JavaThread "Monitor Deflation Thread" daemon [_thread_blocked, id=2152, stack(0x0000000059fd0000,0x000000005a0d0000)]
=>0x00000000192992f0 JavaThread "C2 CompilerThread0" daemon [_thread_in_native, id=4324, stack(0x000000005a760000,0x000000005a860000)]
  0x00000000192c7330 JavaThread "C1 CompilerThread0" daemon [_thread_blocked, id=4500, stack(0x000000005a980000,0x000000005aa80000)]
  0x00000000192d1830 JavaThread "Sweeper thread" daemon [_thread_blocked, id=5228, stack(0x000000005a870000,0x000000005a970000)]
  0x000000005aac60c0 JavaThread "Notification Thread" daemon [_thread_blocked, id=5796, stack(0x000000005af30000,0x000000005b030000)]
  0x000000005aaef240 JavaThread "Common-Cleaner" daemon [_thread_blocked, id=2608, stack(0x000000005b330000,0x000000005b430000)]

Other Threads:
  0x0000000018fc4290 VMThread "VM Thread" [stack: 0x0000000059cb0000,0x0000000059db0000] [id=5388]
  0x000000005aad0590 WatcherThread [stack: 0x000000005b0a0000,0x000000005b1a0000] [id=5304]
  0x000000000032d1b0 GCTaskThread "GC Thread#0" [stack: 0x0000000016530000,0x0000000016630000] [id=5380]
  0x000000005b902b00 GCTaskThread "GC Thread#1" [stack: 0x000000005bcb0000,0x000000005bdb0000] [id=608]
  0x000000005b7da390 GCTaskThread "GC Thread#2" [stack: 0x000000005bde0000,0x000000005bee0000] [id=4692]
  0x000000005b463f70 GCTaskThread "GC Thread#3" [stack: 0x000000005c890000,0x000000005c990000] [id=5920]
  0x0000000000332260 ConcurrentGCThread "G1 Main Marker" [stack: 0x00000000167f0000,0x00000000168f0000] [id=5328]
  0x00000000003355e0 ConcurrentGCThread "G1 Conc#0" [stack: 0x0000000016970000,0x0000000016a70000] [id=5784]
  0x0000000000367e10 ConcurrentGCThread "G1 Refine#0" [stack: 0x0000000018dd0000,0x0000000018ed0000] [id=4132]
  0x00000000003685e0 ConcurrentGCThread "G1 Service" [stack: 0x00000000190c0000,0x00000000191c0000] [id=5800]

Threads with active compile tasks:
C2 CompilerThread0   217650 4076       4       org.eclipse.aether.util.graph.transformer.ConflictResolver::gatherConflictItems (111 bytes)

VM state: not at safepoint (normal execution)

VM Mutex/Monitor currently owned by a thread: None

Heap address: 0x00000000e1400000, size: 492 MB, Compressed Oops mode: 32-bit

CDS archive(s) not mapped
Compressed class space mapped at: 0x0000000019400000-0x0000000059400000, reserved size: 1073741824
Narrow klass base: 0x0000000000000000, Narrow klass shift: 0, Narrow klass range: 0x59400000

GC Precious Log:
 CPUs: 4 total, 4 available
 Memory: 1962M
 Large Page Support: Disabled
 NUMA Support: Disabled
 Compressed Oops: Enabled (32-bit)
 Heap Region Size: 1M
 Heap Min Capacity: 8M
 Heap Initial Capacity: 32M
 Heap Max Capacity: 492M
 Pre-touch: Disabled
 Parallel Workers: 4
 Concurrent Workers: 1
 Concurrent Refinement Workers: 4
 Periodic GC: Disabled

Heap:
 garbage-first heap   total 141312K, used 51764K [0x00000000e1400000, 0x0000000100000000)
  region size 1024K, 30 young (30720K), 7 survivors (7168K)
 Metaspace       used 22033K, committed 22272K, reserved 1073152K
  class space    used 2226K, committed 2368K, reserved 1048576K

Heap Regions: E=young(eden), S=young(survivor), O=old, HS=humongous(starts), HC=humongous(continues), CS=collection set, F=free, OA=open archive, CA=closed archive, TAMS=top-at-mark-start (previous, next)
|   0|0x00000000e1400000, 0x00000000e1500000, 0x00000000e1500000|100%| O|  |TAMS 0x00000000e1500000, 0x00000000e1400000| Untracked 
|   1|0x00000000e1500000, 0x00000000e1600000, 0x00000000e1600000|100%| O|  |TAMS 0x00000000e1600000, 0x00000000e1500000| Untracked 
|   2|0x00000000e1600000, 0x00000000e1700000, 0x00000000e1700000|100%| O|  |TAMS 0x00000000e1700000, 0x00000000e1600000| Untracked 
|   3|0x00000000e1700000, 0x00000000e1800000, 0x00000000e1800000|100%| O|  |TAMS 0x00000000e1800000, 0x00000000e1700000| Untracked 
|   4|0x00000000e1800000, 0x00000000e1900000, 0x00000000e1900000|100%| O|  |TAMS 0x00000000e1900000, 0x00000000e1800000| Untracked 
|   5|0x00000000e1900000, 0x00000000e1a00000, 0x00000000e1a00000|100%| O|  |TAMS 0x00000000e1a00000, 0x00000000e1900000| Untracked 
|   6|0x00000000e1a00000, 0x00000000e1b00000, 0x00000000e1b00000|100%| O|  |TAMS 0x00000000e1b00000, 0x00000000e1a00000| Untracked 
|   7|0x00000000e1b00000, 0x00000000e1c00000, 0x00000000e1c00000|100%| O|  |TAMS 0x00000000e1c00000, 0x00000000e1b00000| Untracked 
|   8|0x00000000e1c00000, 0x00000000e1d00000, 0x00000000e1d00000|100%| O|  |TAMS 0x00000000e1d00000, 0x00000000e1c00000| Untracked 
|   9|0x00000000e1d00000, 0x00000000e1e00000, 0x00000000e1e00000|100%| O|  |TAMS 0x00000000e1e00000, 0x00000000e1d00000| Untracked 
|  10|0x00000000e1e00000, 0x00000000e1f00000, 0x00000000e1f00000|100%| O|  |TAMS 0x00000000e1f00000, 0x00000000e1e00000| Untracked 
|  11|0x00000000e1f00000, 0x00000000e2000000, 0x00000000e2000000|100%| O|  |TAMS 0x00000000e2000000, 0x00000000e1f00000| Untracked 
|  12|0x00000000e2000000, 0x00000000e2000000, 0x00000000e2100000|  0%| F|  |TAMS 0x00000000e2000000, 0x00000000e2000000| Untracked 
|  13|0x00000000e2100000, 0x00000000e2200000, 0x00000000e2200000|100%| O|  |TAMS 0x00000000e2200000, 0x00000000e2100000| Untracked 
|  14|0x00000000e2200000, 0x00000000e2300000, 0x00000000e2300000|100%| O|  |TAMS 0x00000000e2300000, 0x00000000e2200000| Untracked 
|  15|0x00000000e2300000, 0x00000000e2400000, 0x00000000e2400000|100%| O|  |TAMS 0x00000000e2300000, 0x00000000e2300000| Untracked 
|  16|0x00000000e2400000, 0x00000000e2500000, 0x00000000e2500000|100%| O|  |TAMS 0x00000000e2400000, 0x00000000e2400000| Untracked 
|  17|0x00000000e2500000, 0x00000000e2556600, 0x00000000e2600000| 33%| O|  |TAMS 0x00000000e2500000, 0x00000000e2500000| Untracked 
|  18|0x00000000e2600000, 0x00000000e2700000, 0x00000000e2700000|100%| O|  |TAMS 0x00000000e2700000, 0x00000000e2600000| Untracked 
|  19|0x00000000e2700000, 0x00000000e2700000, 0x00000000e2800000|  0%| F|  |TAMS 0x00000000e2700000, 0x00000000e2700000| Untracked 
|  20|0x00000000e2800000, 0x00000000e2800000, 0x00000000e2900000|  0%| F|  |TAMS 0x00000000e2800000, 0x00000000e2800000| Untracked 
|  21|0x00000000e2900000, 0x00000000e2900000, 0x00000000e2a00000|  0%| F|  |TAMS 0x00000000e2900000, 0x00000000e2900000| Untracked 
|  22|0x00000000e2a00000, 0x00000000e2a00000, 0x00000000e2b00000|  0%| F|  |TAMS 0x00000000e2a00000, 0x00000000e2a00000| Untracked 
|  23|0x00000000e2b00000, 0x00000000e2c00000, 0x00000000e2c00000|100%| O|  |TAMS 0x00000000e2c00000, 0x00000000e2b00000| Untracked 
|  24|0x00000000e2c00000, 0x00000000e2c00000, 0x00000000e2d00000|  0%| F|  |TAMS 0x00000000e2c00000, 0x00000000e2c00000| Untracked 
|  25|0x00000000e2d00000, 0x00000000e2e00000, 0x00000000e2e00000|100%| O|  |TAMS 0x00000000e2e00000, 0x00000000e2d00000| Untracked 
|  26|0x00000000e2e00000, 0x00000000e2f00000, 0x00000000e2f00000|100%| O|  |TAMS 0x00000000e2f00000, 0x00000000e2e00000| Untracked 
|  27|0x00000000e2f00000, 0x00000000e3000000, 0x00000000e3000000|100%| O|  |TAMS 0x00000000e2fad200, 0x00000000e2f00000| Untracked 
|  28|0x00000000e3000000, 0x00000000e3100000, 0x00000000e3100000|100%| O|  |TAMS 0x00000000e3000000, 0x00000000e3000000| Untracked 
|  29|0x00000000e3100000, 0x00000000e3100000, 0x00000000e3200000|  0%| F|  |TAMS 0x00000000e3100000, 0x00000000e3100000| Untracked 
|  30|0x00000000e3200000, 0x00000000e3200000, 0x00000000e3300000|  0%| F|  |TAMS 0x00000000e3200000, 0x00000000e3200000| Untracked 
|  31|0x00000000e3300000, 0x00000000e3300000, 0x00000000e3400000|  0%| F|  |TAMS 0x00000000e3300000, 0x00000000e3300000| Untracked 
|  32|0x00000000e3400000, 0x00000000e3400000, 0x00000000e3500000|  0%| F|  |TAMS 0x00000000e3400000, 0x00000000e3400000| Untracked 
|  33|0x00000000e3500000, 0x00000000e3500000, 0x00000000e3600000|  0%| F|  |TAMS 0x00000000e3500000, 0x00000000e3500000| Untracked 
|  34|0x00000000e3600000, 0x00000000e3600000, 0x00000000e3700000|  0%| F|  |TAMS 0x00000000e3600000, 0x00000000e3600000| Untracked 
|  35|0x00000000e3700000, 0x00000000e3700000, 0x00000000e3800000|  0%| F|  |TAMS 0x00000000e3700000, 0x00000000e3700000| Untracked 
|  36|0x00000000e3800000, 0x00000000e3800000, 0x00000000e3900000|  0%| F|  |TAMS 0x00000000e3800000, 0x00000000e3800000| Untracked 
|  37|0x00000000e3900000, 0x00000000e3900000, 0x00000000e3a00000|  0%| F|  |TAMS 0x00000000e3900000, 0x00000000e3900000| Untracked 
|  38|0x00000000e3a00000, 0x00000000e3a00000, 0x00000000e3b00000|  0%| F|  |TAMS 0x00000000e3a00000, 0x00000000e3a00000| Untracked 
|  39|0x00000000e3b00000, 0x00000000e3b00000, 0x00000000e3c00000|  0%| F|  |TAMS 0x00000000e3b00000, 0x00000000e3b00000| Untracked 
|  40|0x00000000e3c00000, 0x00000000e3c00000, 0x00000000e3d00000|  0%| F|  |TAMS 0x00000000e3c00000, 0x00000000e3c00000| Untracked 
|  41|0x00000000e3d00000, 0x00000000e3d00000, 0x00000000e3e00000|  0%| F|  |TAMS 0x00000000e3d00000, 0x00000000e3d00000| Untracked 
|  42|0x00000000e3e00000, 0x00000000e3e00000, 0x00000000e3f00000|  0%| F|  |TAMS 0x00000000e3e00000, 0x00000000e3e00000| Untracked 
|  43|0x00000000e3f00000, 0x00000000e3f00000, 0x00000000e4000000|  0%| F|  |TAMS 0x00000000e3f00000, 0x00000000e3f00000| Untracked 
|  44|0x00000000e4000000, 0x00000000e4000000, 0x00000000e4100000|  0%| F|  |TAMS 0x00000000e4000000, 0x00000000e4000000| Untracked 
|  45|0x00000000e4100000, 0x00000000e4100000, 0x00000000e4200000|  0%| F|  |TAMS 0x00000000e4100000, 0x00000000e4100000| Untracked 
|  46|0x00000000e4200000, 0x00000000e4200000, 0x00000000e4300000|  0%| F|  |TAMS 0x00000000e4200000, 0x00000000e4200000| Untracked 
|  47|0x00000000e4300000, 0x00000000e4300000, 0x00000000e4400000|  0%| F|  |TAMS 0x00000000e4300000, 0x00000000e4300000| Untracked 
|  48|0x00000000e4400000, 0x00000000e4400000, 0x00000000e4500000|  0%| F|  |TAMS 0x00000000e4400000, 0x00000000e4400000| Untracked 
|  49|0x00000000e4500000, 0x00000000e4500000, 0x00000000e4600000|  0%| F|  |TAMS 0x00000000e4500000, 0x00000000e4500000| Untracked 
|  50|0x00000000e4600000, 0x00000000e4600000, 0x00000000e4700000|  0%| F|  |TAMS 0x00000000e4600000, 0x00000000e4600000| Untracked 
|  51|0x00000000e4700000, 0x00000000e4700000, 0x00000000e4800000|  0%| F|  |TAMS 0x00000000e4700000, 0x00000000e4700000| Untracked 
|  52|0x00000000e4800000, 0x00000000e4800000, 0x00000000e4900000|  0%| F|  |TAMS 0x00000000e4800000, 0x00000000e4800000| Untracked 
|  53|0x00000000e4900000, 0x00000000e4900000, 0x00000000e4a00000|  0%| F|  |TAMS 0x00000000e4900000, 0x00000000e4900000| Untracked 
|  54|0x00000000e4a00000, 0x00000000e4a00000, 0x00000000e4b00000|  0%| F|  |TAMS 0x00000000e4a00000, 0x00000000e4a00000| Untracked 
|  55|0x00000000e4b00000, 0x00000000e4b00000, 0x00000000e4c00000|  0%| F|  |TAMS 0x00000000e4b00000, 0x00000000e4b00000| Untracked 
|  56|0x00000000e4c00000, 0x00000000e4c00000, 0x00000000e4d00000|  0%| F|  |TAMS 0x00000000e4c00000, 0x00000000e4c00000| Untracked 
|  57|0x00000000e4d00000, 0x00000000e4d00000, 0x00000000e4e00000|  0%| F|  |TAMS 0x00000000e4d00000, 0x00000000e4d00000| Untracked 
|  58|0x00000000e4e00000, 0x00000000e4e00000, 0x00000000e4f00000|  0%| F|  |TAMS 0x00000000e4e00000, 0x00000000e4e00000| Untracked 
|  59|0x00000000e4f00000, 0x00000000e4f00000, 0x00000000e5000000|  0%| F|  |TAMS 0x00000000e4f00000, 0x00000000e4f00000| Untracked 
|  60|0x00000000e5000000, 0x00000000e5000000, 0x00000000e5100000|  0%| F|  |TAMS 0x00000000e5000000, 0x00000000e5000000| Untracked 
|  61|0x00000000e5100000, 0x00000000e5100000, 0x00000000e5200000|  0%| F|  |TAMS 0x00000000e5100000, 0x00000000e5100000| Untracked 
|  62|0x00000000e5200000, 0x00000000e5200000, 0x00000000e5300000|  0%| F|  |TAMS 0x00000000e5200000, 0x00000000e5200000| Untracked 
|  63|0x00000000e5300000, 0x00000000e5300000, 0x00000000e5400000|  0%| F|  |TAMS 0x00000000e5300000, 0x00000000e5300000| Untracked 
|  64|0x00000000e5400000, 0x00000000e5400000, 0x00000000e5500000|  0%| F|  |TAMS 0x00000000e5400000, 0x00000000e5400000| Untracked 
|  65|0x00000000e5500000, 0x00000000e5500000, 0x00000000e5600000|  0%| F|  |TAMS 0x00000000e5500000, 0x00000000e5500000| Untracked 
|  66|0x00000000e5600000, 0x00000000e5600000, 0x00000000e5700000|  0%| F|  |TAMS 0x00000000e5600000, 0x00000000e5600000| Untracked 
|  67|0x00000000e5700000, 0x00000000e5700000, 0x00000000e5800000|  0%| F|  |TAMS 0x00000000e5700000, 0x00000000e5700000| Untracked 
|  68|0x00000000e5800000, 0x00000000e5836b28, 0x00000000e5900000| 21%| S|CS|TAMS 0x00000000e5800000, 0x00000000e5800000| Complete 
|  69|0x00000000e5900000, 0x00000000e5a00000, 0x00000000e5a00000|100%| S|CS|TAMS 0x00000000e5900000, 0x00000000e5900000| Complete 
|  70|0x00000000e5a00000, 0x00000000e5b00000, 0x00000000e5b00000|100%| S|CS|TAMS 0x00000000e5a00000, 0x00000000e5a00000| Complete 
|  71|0x00000000e5b00000, 0x00000000e5c00000, 0x00000000e5c00000|100%| S|CS|TAMS 0x00000000e5b00000, 0x00000000e5b00000| Complete 
|  72|0x00000000e5c00000, 0x00000000e5d00000, 0x00000000e5d00000|100%| S|CS|TAMS 0x00000000e5c00000, 0x00000000e5c00000| Complete 
|  73|0x00000000e5d00000, 0x00000000e5e00000, 0x00000000e5e00000|100%| S|CS|TAMS 0x00000000e5d00000, 0x00000000e5d00000| Complete 
|  74|0x00000000e5e00000, 0x00000000e5f00000, 0x00000000e5f00000|100%| S|CS|TAMS 0x00000000e5e00000, 0x00000000e5e00000| Complete 
|  75|0x00000000e5f00000, 0x00000000e5f00000, 0x00000000e6000000|  0%| F|  |TAMS 0x00000000e5f00000, 0x00000000e5f00000| Untracked 
|  76|0x00000000e6000000, 0x00000000e6000000, 0x00000000e6100000|  0%| F|  |TAMS 0x00000000e6000000, 0x00000000e6000000| Untracked 
|  77|0x00000000e6100000, 0x00000000e6100000, 0x00000000e6200000|  0%| F|  |TAMS 0x00000000e6100000, 0x00000000e6100000| Untracked 
|  78|0x00000000e6200000, 0x00000000e6200000, 0x00000000e6300000|  0%| F|  |TAMS 0x00000000e6200000, 0x00000000e6200000| Untracked 
|  79|0x00000000e6300000, 0x00000000e6300000, 0x00000000e6400000|  0%| F|  |TAMS 0x00000000e6300000, 0x00000000e6300000| Untracked 
|  80|0x00000000e6400000, 0x00000000e6400000, 0x00000000e6500000|  0%| F|  |TAMS 0x00000000e6400000, 0x00000000e6400000| Untracked 
|  81|0x00000000e6500000, 0x00000000e6500000, 0x00000000e6600000|  0%| F|  |TAMS 0x00000000e6500000, 0x00000000e6500000| Untracked 
|  82|0x00000000e6600000, 0x00000000e6600000, 0x00000000e6700000|  0%| F|  |TAMS 0x00000000e6600000, 0x00000000e6600000| Untracked 
|  83|0x00000000e6700000, 0x00000000e6700000, 0x00000000e6800000|  0%| F|  |TAMS 0x00000000e6700000, 0x00000000e6700000| Untracked 
|  84|0x00000000e6800000, 0x00000000e6800000, 0x00000000e6900000|  0%| F|  |TAMS 0x00000000e6800000, 0x00000000e6800000| Untracked 
|  85|0x00000000e6900000, 0x00000000e6900000, 0x00000000e6a00000|  0%| F|  |TAMS 0x00000000e6900000, 0x00000000e6900000| Untracked 
|  86|0x00000000e6a00000, 0x00000000e6a00000, 0x00000000e6b00000|  0%| F|  |TAMS 0x00000000e6a00000, 0x00000000e6a00000| Untracked 
|  87|0x00000000e6b00000, 0x00000000e6b00000, 0x00000000e6c00000|  0%| F|  |TAMS 0x00000000e6b00000, 0x00000000e6b00000| Untracked 
|  88|0x00000000e6c00000, 0x00000000e6c00000, 0x00000000e6d00000|  0%| F|  |TAMS 0x00000000e6c00000, 0x00000000e6c00000| Untracked 
|  89|0x00000000e6d00000, 0x00000000e6d00000, 0x00000000e6e00000|  0%| F|  |TAMS 0x00000000e6d00000, 0x00000000e6d00000| Untracked 
|  90|0x00000000e6e00000, 0x00000000e6e00000, 0x00000000e6f00000|  0%| F|  |TAMS 0x00000000e6e00000, 0x00000000e6e00000| Untracked 
|  91|0x00000000e6f00000, 0x00000000e6f00000, 0x00000000e7000000|  0%| F|  |TAMS 0x00000000e6f00000, 0x00000000e6f00000| Untracked 
|  92|0x00000000e7000000, 0x00000000e7000000, 0x00000000e7100000|  0%| F|  |TAMS 0x00000000e7000000, 0x00000000e7000000| Untracked 
|  93|0x00000000e7100000, 0x00000000e7100000, 0x00000000e7200000|  0%| F|  |TAMS 0x00000000e7100000, 0x00000000e7100000| Untracked 
|  94|0x00000000e7200000, 0x00000000e7200000, 0x00000000e7300000|  0%| F|  |TAMS 0x00000000e7200000, 0x00000000e7200000| Untracked 
|  95|0x00000000e7300000, 0x00000000e7300000, 0x00000000e7400000|  0%| F|  |TAMS 0x00000000e7300000, 0x00000000e7300000| Untracked 
|  96|0x00000000e7400000, 0x00000000e7400000, 0x00000000e7500000|  0%| F|  |TAMS 0x00000000e7400000, 0x00000000e7400000| Untracked 
|  97|0x00000000e7500000, 0x00000000e7500000, 0x00000000e7600000|  0%| F|  |TAMS 0x00000000e7500000, 0x00000000e7500000| Untracked 
|  98|0x00000000e7600000, 0x00000000e7600000, 0x00000000e7700000|  0%| F|  |TAMS 0x00000000e7600000, 0x00000000e7600000| Untracked 
|  99|0x00000000e7700000, 0x00000000e7700000, 0x00000000e7800000|  0%| F|  |TAMS 0x00000000e7700000, 0x00000000e7700000| Untracked 
| 100|0x00000000e7800000, 0x00000000e7800000, 0x00000000e7900000|  0%| F|  |TAMS 0x00000000e7800000, 0x00000000e7800000| Untracked 
| 101|0x00000000e7900000, 0x00000000e7900000, 0x00000000e7a00000|  0%| F|  |TAMS 0x00000000e7900000, 0x00000000e7900000| Untracked 
| 102|0x00000000e7a00000, 0x00000000e7a00000, 0x00000000e7b00000|  0%| F|  |TAMS 0x00000000e7a00000, 0x00000000e7a00000| Untracked 
| 103|0x00000000e7b00000, 0x00000000e7b00000, 0x00000000e7c00000|  0%| F|  |TAMS 0x00000000e7b00000, 0x00000000e7b00000| Untracked 
| 104|0x00000000e7c00000, 0x00000000e7c00000, 0x00000000e7d00000|  0%| F|  |TAMS 0x00000000e7c00000, 0x00000000e7c00000| Untracked 
| 105|0x00000000e7d00000, 0x00000000e7d00000, 0x00000000e7e00000|  0%| F|  |TAMS 0x00000000e7d00000, 0x00000000e7d00000| Untracked 
| 106|0x00000000e7e00000, 0x00000000e7e00000, 0x00000000e7f00000|  0%| F|  |TAMS 0x00000000e7e00000, 0x00000000e7e00000| Untracked 
| 107|0x00000000e7f00000, 0x00000000e7f00000, 0x00000000e8000000|  0%| F|  |TAMS 0x00000000e7f00000, 0x00000000e7f00000| Untracked 
| 108|0x00000000e8000000, 0x00000000e8000000, 0x00000000e8100000|  0%| F|  |TAMS 0x00000000e8000000, 0x00000000e8000000| Untracked 
| 109|0x00000000e8100000, 0x00000000e8100000, 0x00000000e8200000|  0%| F|  |TAMS 0x00000000e8100000, 0x00000000e8100000| Untracked 
| 110|0x00000000e8200000, 0x00000000e8200000, 0x00000000e8300000|  0%| F|  |TAMS 0x00000000e8200000, 0x00000000e8200000| Untracked 
| 111|0x00000000e8300000, 0x00000000e8300000, 0x00000000e8400000|  0%| F|  |TAMS 0x00000000e8300000, 0x00000000e8300000| Untracked 
| 112|0x00000000e8400000, 0x00000000e8400000, 0x00000000e8500000|  0%| F|  |TAMS 0x00000000e8400000, 0x00000000e8400000| Untracked 
| 113|0x00000000e8500000, 0x00000000e8500000, 0x00000000e8600000|  0%| F|  |TAMS 0x00000000e8500000, 0x00000000e8500000| Untracked 
| 114|0x00000000e8600000, 0x00000000e8600000, 0x00000000e8700000|  0%| F|  |TAMS 0x00000000e8600000, 0x00000000e8600000| Untracked 
| 115|0x00000000e8700000, 0x00000000e8782010, 0x00000000e8800000| 50%| E|  |TAMS 0x00000000e8700000, 0x00000000e8700000| Complete 
| 116|0x00000000e8800000, 0x00000000e8900000, 0x00000000e8900000|100%| E|CS|TAMS 0x00000000e8800000, 0x00000000e8800000| Complete 
| 117|0x00000000e8900000, 0x00000000e8a00000, 0x00000000e8a00000|100%| E|CS|TAMS 0x00000000e8900000, 0x00000000e8900000| Complete 
| 118|0x00000000e8a00000, 0x00000000e8b00000, 0x00000000e8b00000|100%| E|CS|TAMS 0x00000000e8a00000, 0x00000000e8a00000| Complete 
| 119|0x00000000e8b00000, 0x00000000e8c00000, 0x00000000e8c00000|100%| E|CS|TAMS 0x00000000e8b00000, 0x00000000e8b00000| Complete 
| 120|0x00000000e8c00000, 0x00000000e8d00000, 0x00000000e8d00000|100%| E|CS|TAMS 0x00000000e8c00000, 0x00000000e8c00000| Complete 
| 121|0x00000000e8d00000, 0x00000000e8e00000, 0x00000000e8e00000|100%| E|CS|TAMS 0x00000000e8d00000, 0x00000000e8d00000| Complete 
| 122|0x00000000e8e00000, 0x00000000e8f00000, 0x00000000e8f00000|100%| E|CS|TAMS 0x00000000e8e00000, 0x00000000e8e00000| Complete 
| 123|0x00000000e8f00000, 0x00000000e9000000, 0x00000000e9000000|100%| E|CS|TAMS 0x00000000e8f00000, 0x00000000e8f00000| Complete 
| 124|0x00000000e9000000, 0x00000000e9100000, 0x00000000e9100000|100%| E|CS|TAMS 0x00000000e9000000, 0x00000000e9000000| Complete 
| 125|0x00000000e9100000, 0x00000000e9200000, 0x00000000e9200000|100%| E|CS|TAMS 0x00000000e9100000, 0x00000000e9100000| Complete 
| 126|0x00000000e9200000, 0x00000000e9300000, 0x00000000e9300000|100%| E|CS|TAMS 0x00000000e9200000, 0x00000000e9200000| Complete 
| 127|0x00000000e9300000, 0x00000000e9400000, 0x00000000e9400000|100%| E|CS|TAMS 0x00000000e9300000, 0x00000000e9300000| Complete 
| 128|0x00000000e9400000, 0x00000000e9500000, 0x00000000e9500000|100%| E|CS|TAMS 0x00000000e9400000, 0x00000000e9400000| Complete 
| 129|0x00000000e9500000, 0x00000000e9600000, 0x00000000e9600000|100%| E|CS|TAMS 0x00000000e9500000, 0x00000000e9500000| Complete 
| 130|0x00000000e9600000, 0x00000000e9700000, 0x00000000e9700000|100%| E|CS|TAMS 0x00000000e9600000, 0x00000000e9600000| Complete 
| 131|0x00000000e9700000, 0x00000000e9800000, 0x00000000e9800000|100%| E|CS|TAMS 0x00000000e9700000, 0x00000000e9700000| Complete 
| 132|0x00000000e9800000, 0x00000000e9900000, 0x00000000e9900000|100%| E|CS|TAMS 0x00000000e9800000, 0x00000000e9800000| Complete 
| 133|0x00000000e9900000, 0x00000000e9a00000, 0x00000000e9a00000|100%| E|CS|TAMS 0x00000000e9900000, 0x00000000e9900000| Complete 
| 134|0x00000000e9a00000, 0x00000000e9b00000, 0x00000000e9b00000|100%| E|CS|TAMS 0x00000000e9a00000, 0x00000000e9a00000| Complete 
| 135|0x00000000e9b00000, 0x00000000e9c00000, 0x00000000e9c00000|100%| E|CS|TAMS 0x00000000e9b00000, 0x00000000e9b00000| Complete 
| 136|0x00000000e9c00000, 0x00000000e9d00000, 0x00000000e9d00000|100%| E|CS|TAMS 0x00000000e9c00000, 0x00000000e9c00000| Complete 
| 137|0x00000000e9d00000, 0x00000000e9e00000, 0x00000000e9e00000|100%| E|CS|TAMS 0x00000000e9d00000, 0x00000000e9d00000| Complete 

Card table byte_map: [0x00000000153d0000,0x00000000154d0000] _byte_map_base: 0x0000000014cc6000

Marking Bits (Prev, Next): (CMBitMap*) 0x000000000032d570, (CMBitMap*) 0x000000000032d5b0
 Prev Bits: [0x00000000155d0000, 0x0000000015d80000)
 Next Bits: [0x0000000015d80000, 0x0000000016530000)

Polling page: 0x0000000000220000

Metaspace:

Usage:
  Non-class:     19.34 MB used.
      Class:      2.17 MB used.
       Both:     21.52 MB used.

Virtual space:
  Non-class space:       24.00 MB reserved,      19.44 MB ( 81%) committed,  3 nodes.
      Class space:        1.00 GB reserved,       2.31 MB ( <1%) committed,  1 nodes.
             Both:        1.02 GB reserved,      21.75 MB (  2%) committed. 

Chunk freelists:
   Non-Class:  224.00 KB
       Class:  1.67 MB
        Both:  1.89 MB

MaxMetaspaceSize: unlimited
CompressedClassSpaceSize: 1.00 GB
Initial GC threshold: 21.00 MB
Current GC threshold: 34.81 MB
CDS: off
MetaspaceReclaimPolicy: balanced
 - commit_granule_bytes: 65536.
 - commit_granule_words: 8192.
 - virtual_space_node_default_size: 1048576.
 - enlarge_chunks_in_place: 1.
 - new_chunks_are_fully_committed: 0.
 - uncommit_free_chunks: 1.
 - use_allocation_guard: 0.
 - handle_deallocations: 1.


Internal statistics:

num_allocs_failed_limit: 0.
num_arena_births: 82.
num_arena_deaths: 0.
num_vsnodes_births: 4.
num_vsnodes_deaths: 0.
num_space_committed: 348.
num_space_uncommitted: 0.
num_chunks_returned_to_freelist: 0.
num_chunks_taken_from_freelist: 574.
num_chunk_merges: 0.
num_chunk_splits: 406.
num_chunks_enlarged: 318.
num_purges: 0.
num_inconsistent_stats: 0.

CodeHeap 'non-profiled nmethods': size=120000Kb used=2549Kb max_used=2549Kb free=117450Kb
 bounds [0x000000000d780000, 0x000000000da00000, 0x0000000014cb0000]
CodeHeap 'profiled nmethods': size=120000Kb used=8849Kb max_used=8849Kb free=111150Kb
 bounds [0x0000000006250000, 0x0000000006b00000, 0x000000000d780000]
CodeHeap 'non-nmethods': size=5760Kb used=1170Kb max_used=1223Kb free=4589Kb
 bounds [0x0000000005cb0000, 0x0000000005f20000, 0x0000000006250000]
 total_blobs=4540 nmethods=4081 adapters=371
 compilation: enabled
              stopped_count=0, restarted_count=0
 full_count=0

Compilation events (20 events):
Event: 214.265 Thread 0x00000000192c7330 4098       3       org.eclipse.aether.util.graph.transformer.ConflictResolver$ConflictItem::getScopes (29 bytes)
Event: 214.265 Thread 0x00000000192c7330 nmethod 4098 0x0000000006af0510 code [0x0000000006af0700, 0x0000000006af0db8]
Event: 214.265 Thread 0x00000000192c7330 4100       3       org.eclipse.aether.util.graph.transformer.ConflictResolver$State::add (85 bytes)
Event: 214.266 Thread 0x00000000192c7330 nmethod 4100 0x0000000006af0f90 code [0x0000000006af1200, 0x0000000006af1dd8]
Event: 214.268 Thread 0x00000000192c7330 4102       3       org.eclipse.aether.util.graph.transformer.JavaScopeDeriver::getDerivedScope (100 bytes)
Event: 214.269 Thread 0x00000000192c7330 nmethod 4102 0x0000000006af2190 code [0x0000000006af23c0, 0x0000000006af2a08]
Event: 214.273 Thread 0x00000000192c7330 4105       3       org.eclipse.aether.util.graph.transformer.ConflictResolver$ConflictItem::<init> (66 bytes)
Event: 214.273 Thread 0x00000000192c7330 nmethod 4105 0x0000000006af2c10 code [0x0000000006af2de0, 0x0000000006af3258]
Event: 214.276 Thread 0x00000000192c7330 4106       1       org.eclipse.aether.graph.DefaultDependencyNode::getRequestContext (5 bytes)
Event: 214.276 Thread 0x00000000192c7330 nmethod 4106 0x000000000d9fcd10 code [0x000000000d9fcea0, 0x000000000d9fcf78]
Event: 214.280 Thread 0x00000000192c7330 4108       2       org.eclipse.aether.util.graph.visitor.Stack::push (64 bytes)
Event: 214.280 Thread 0x00000000192c7330 nmethod 4108 0x0000000006af3390 code [0x0000000006af3540, 0x0000000006af38c8]
Event: 214.280 Thread 0x00000000192c7330 4109       2       org.eclipse.aether.util.graph.visitor.Stack::pop (32 bytes)
Event: 214.280 Thread 0x00000000192c7330 nmethod 4109 0x0000000006af3a10 code [0x0000000006af3bc0, 0x0000000006af3dc8]
Event: 214.281 Thread 0x00000000192c7330 4110       2       org.eclipse.aether.util.filter.AndDependencyFilter::accept (49 bytes)
Event: 214.281 Thread 0x00000000192c7330 nmethod 4110 0x0000000006af3f10 code [0x0000000006af40e0, 0x0000000006af4398]
Event: 214.281 Thread 0x00000000192c7330 4111       1       org.eclipse.aether.graph.DefaultDependencyNode::getRepositories (5 bytes)
Event: 214.281 Thread 0x00000000192c7330 nmethod 4111 0x000000000d9fd010 code [0x000000000d9fd1a0, 0x000000000d9fd278]
Event: 214.281 Thread 0x00000000192c7330 4112       1       org.eclipse.aether.internal.impl.ArtifactRequestBuilder::visitLeave (2 bytes)
Event: 214.281 Thread 0x00000000192c7330 nmethod 4112 0x000000000d9fd310 code [0x000000000d9fd4a0, 0x000000000d9fd578]

GC Heap History (20 events):
Event: 155.491 GC heap before
{Heap before GC invocations=19 (full 0):
 garbage-first heap   total 49152K, used 22204K [0x00000000e1400000, 0x0000000100000000)
  region size 1024K, 2 young (2048K), 1 survivors (1024K)
 Metaspace       used 20860K, committed 21056K, reserved 1073152K
  class space    used 2178K, committed 2304K, reserved 1048576K
}
Event: 155.496 GC heap after
{Heap after GC invocations=20 (full 0):
 garbage-first heap   total 49152K, used 19793K [0x00000000e1400000, 0x0000000100000000)
  region size 1024K, 1 young (1024K), 1 survivors (1024K)
 Metaspace       used 20860K, committed 21056K, reserved 1073152K
  class space    used 2178K, committed 2304K, reserved 1048576K
}
Event: 158.563 GC heap before
{Heap before GC invocations=20 (full 0):
 garbage-first heap   total 49152K, used 30033K [0x00000000e1400000, 0x0000000100000000)
  region size 1024K, 11 young (11264K), 1 survivors (1024K)
 Metaspace       used 20866K, committed 21056K, reserved 1073152K
  class space    used 2180K, committed 2304K, reserved 1048576K
}
Event: 158.592 GC heap after
{Heap after GC invocations=21 (full 0):
 garbage-first heap   total 49152K, used 25269K [0x00000000e1400000, 0x0000000100000000)
  region size 1024K, 2 young (2048K), 2 survivors (2048K)
 Metaspace       used 20866K, committed 21056K, reserved 1073152K
  class space    used 2180K, committed 2304K, reserved 1048576K
}
Event: 160.193 GC heap before
{Heap before GC invocations=21 (full 0):
 garbage-first heap   total 49152K, used 31413K [0x00000000e1400000, 0x0000000100000000)
  region size 1024K, 9 young (9216K), 2 survivors (2048K)
 Metaspace       used 20867K, committed 21056K, reserved 1073152K
  class space    used 2181K, committed 2304K, reserved 1048576K
}
Event: 160.208 GC heap after
{Heap after GC invocations=22 (full 0):
 garbage-first heap   total 49152K, used 26975K [0x00000000e1400000, 0x0000000100000000)
  region size 1024K, 2 young (2048K), 2 survivors (2048K)
 Metaspace       used 20867K, committed 21056K, reserved 1073152K
  class space    used 2181K, committed 2304K, reserved 1048576K
}
Event: 163.772 GC heap before
{Heap before GC invocations=23 (full 0):
 garbage-first heap   total 49152K, used 34143K [0x00000000e1400000, 0x0000000100000000)
  region size 1024K, 9 young (9216K), 2 survivors (2048K)
 Metaspace       used 21134K, committed 21312K, reserved 1073152K
  class space    used 2209K, committed 2304K, reserved 1048576K
}
Event: 163.785 GC heap after
{Heap after GC invocations=24 (full 0):
 garbage-first heap   total 49152K, used 27787K [0x00000000e1400000, 0x0000000100000000)
  region size 1024K, 1 young (1024K), 1 survivors (1024K)
 Metaspace       used 21134K, committed 21312K, reserved 1073152K
  class space    used 2209K, committed 2304K, reserved 1048576K
}
Event: 164.112 GC heap before
{Heap before GC invocations=24 (full 0):
 garbage-first heap   total 49152K, used 28811K [0x00000000e1400000, 0x0000000100000000)
  region size 1024K, 2 young (2048K), 1 survivors (1024K)
 Metaspace       used 21150K, committed 21312K, reserved 1073152K
  class space    used 2209K, committed 2304K, reserved 1048576K
}
Event: 164.121 GC heap after
{Heap after GC invocations=25 (full 0):
 garbage-first heap   total 49152K, used 27510K [0x00000000e1400000, 0x0000000100000000)
  region size 1024K, 1 young (1024K), 1 survivors (1024K)
 Metaspace       used 21150K, committed 21312K, reserved 1073152K
  class space    used 2209K, committed 2304K, reserved 1048576K
}
Event: 165.219 GC heap before
{Heap before GC invocations=25 (full 0):
 garbage-first heap   total 49152K, used 34678K [0x00000000e1400000, 0x0000000100000000)
  region size 1024K, 8 young (8192K), 1 survivors (1024K)
 Metaspace       used 21222K, committed 21376K, reserved 1073152K
  class space    used 2211K, committed 2304K, reserved 1048576K
}
Event: 165.221 GC heap after
{Heap after GC invocations=26 (full 0):
 garbage-first heap   total 49152K, used 27940K [0x00000000e1400000, 0x0000000100000000)
  region size 1024K, 1 young (1024K), 1 survivors (1024K)
 Metaspace       used 21222K, committed 21376K, reserved 1073152K
  class space    used 2211K, committed 2304K, reserved 1048576K
}
Event: 170.228 GC heap before
{Heap before GC invocations=27 (full 0):
 garbage-first heap   total 50176K, used 36132K [0x00000000e1400000, 0x0000000100000000)
  region size 1024K, 9 young (9216K), 1 survivors (1024K)
 Metaspace       used 21388K, committed 21568K, reserved 1073152K
  class space    used 2211K, committed 2304K, reserved 1048576K
}
Event: 170.237 GC heap after
{Heap after GC invocations=28 (full 0):
 garbage-first heap   total 50176K, used 28723K [0x00000000e1400000, 0x0000000100000000)
  region size 1024K, 2 young (2048K), 2 survivors (2048K)
 Metaspace       used 21388K, committed 21568K, reserved 1073152K
  class space    used 2211K, committed 2304K, reserved 1048576K
}
Event: 170.743 GC heap before
{Heap before GC invocations=28 (full 0):
 garbage-first heap   total 50176K, used 29747K [0x00000000e1400000, 0x0000000100000000)
  region size 1024K, 3 young (3072K), 2 survivors (2048K)
 Metaspace       used 21399K, committed 21632K, reserved 1073152K
  class space    used 2211K, committed 2304K, reserved 1048576K
}
Event: 170.757 GC heap after
{Heap after GC invocations=29 (full 0):
 garbage-first heap   total 50176K, used 24744K [0x00000000e1400000, 0x0000000100000000)
  region size 1024K, 1 young (1024K), 1 survivors (1024K)
 Metaspace       used 21399K, committed 21632K, reserved 1073152K
  class space    used 2211K, committed 2304K, reserved 1048576K
}
Event: 171.644 GC heap before
{Heap before GC invocations=29 (full 0):
 garbage-first heap   total 50176K, used 25768K [0x00000000e1400000, 0x0000000100000000)
  region size 1024K, 2 young (2048K), 1 survivors (1024K)
 Metaspace       used 21412K, committed 21632K, reserved 1073152K
  class space    used 2211K, committed 2304K, reserved 1048576K
}
Event: 171.653 GC heap after
{Heap after GC invocations=30 (full 0):
 garbage-first heap   total 141312K, used 23110K [0x00000000e1400000, 0x0000000100000000)
  region size 1024K, 1 young (1024K), 1 survivors (1024K)
 Metaspace       used 21412K, committed 21632K, reserved 1073152K
  class space    used 2211K, committed 2304K, reserved 1048576K
}
Event: 201.211 GC heap before
{Heap before GC invocations=30 (full 0):
 garbage-first heap   total 141312K, used 87622K [0x00000000e1400000, 0x0000000100000000)
  region size 1024K, 64 young (65536K), 1 survivors (1024K)
 Metaspace       used 21841K, committed 22016K, reserved 1073152K
  class space    used 2213K, committed 2304K, reserved 1048576K
}
Event: 201.246 GC heap after
{Heap after GC invocations=31 (full 0):
 garbage-first heap   total 141312K, used 29236K [0x00000000e1400000, 0x0000000100000000)
  region size 1024K, 7 young (7168K), 7 survivors (7168K)
 Metaspace       used 21841K, committed 22016K, reserved 1073152K
  class space    used 2213K, committed 2304K, reserved 1048576K
}

Deoptimization events (20 events):
Event: 214.212 Thread 0x00000000002fa960 Uncommon trap: trap_request=0xffffff45 fr.pc=0x000000000d966b34 relative=0x00000000000017d4
Event: 214.212 Thread 0x00000000002fa960 Uncommon trap: reason=unstable_if action=reinterpret pc=0x000000000d966b34 method=java.util.HashMap.putVal(ILjava/lang/Object;Ljava/lang/Object;ZZ)Ljava/lang/Object; @ 193 c2
Event: 214.212 Thread 0x00000000002fa960 DEOPT PACKING pc=0x000000000d966b34 sp=0x00000000020cd4a0
Event: 214.212 Thread 0x00000000002fa960 DEOPT UNPACKING pc=0x0000000005d023a3 sp=0x00000000020cd368 mode 2
Event: 214.213 Thread 0x00000000002fa960 Uncommon trap: trap_request=0xffffff45 fr.pc=0x000000000d95c094 relative=0x0000000000000734
Event: 214.213 Thread 0x00000000002fa960 Uncommon trap: reason=unstable_if action=reinterpret pc=0x000000000d95c094 method=java.util.HashMap.putVal(ILjava/lang/Object;Ljava/lang/Object;ZZ)Ljava/lang/Object; @ 193 c2
Event: 214.213 Thread 0x00000000002fa960 DEOPT PACKING pc=0x000000000d95c094 sp=0x00000000020cd360
Event: 214.213 Thread 0x00000000002fa960 DEOPT UNPACKING pc=0x0000000005d023a3 sp=0x00000000020cd2e0 mode 2
Event: 214.229 Thread 0x00000000002fa960 Uncommon trap: trap_request=0xffffff45 fr.pc=0x000000000d982178 relative=0x0000000000000258
Event: 214.229 Thread 0x00000000002fa960 Uncommon trap: reason=unstable_if action=reinterpret pc=0x000000000d982178 method=java.util.HashMap.getNode(Ljava/lang/Object;)Ljava/util/HashMap$Node; @ 57 c2
Event: 214.230 Thread 0x00000000002fa960 DEOPT PACKING pc=0x000000000d982178 sp=0x00000000020cd7f0
Event: 214.230 Thread 0x00000000002fa960 DEOPT UNPACKING pc=0x0000000005d023a3 sp=0x00000000020cd700 mode 2
Event: 214.230 Thread 0x00000000002fa960 Uncommon trap: trap_request=0xffffff45 fr.pc=0x000000000d81eea4 relative=0x0000000000000204
Event: 214.230 Thread 0x00000000002fa960 Uncommon trap: reason=unstable_if action=reinterpret pc=0x000000000d81eea4 method=java.util.HashMap.hash(Ljava/lang/Object;)I @ 1 c2
Event: 214.230 Thread 0x00000000002fa960 DEOPT PACKING pc=0x000000000d81eea4 sp=0x00000000020cd780
Event: 214.230 Thread 0x00000000002fa960 DEOPT UNPACKING pc=0x0000000005d023a3 sp=0x00000000020cd688 mode 2
Event: 214.230 Thread 0x00000000002fa960 Uncommon trap: trap_request=0xffffff45 fr.pc=0x000000000d817190 relative=0x0000000000000090
Event: 214.230 Thread 0x00000000002fa960 Uncommon trap: reason=unstable_if action=reinterpret pc=0x000000000d817190 method=java.util.HashMap.hash(Ljava/lang/Object;)I @ 1 c2
Event: 214.230 Thread 0x00000000002fa960 DEOPT PACKING pc=0x000000000d817190 sp=0x00000000020cd6f0
Event: 214.230 Thread 0x00000000002fa960 DEOPT UNPACKING pc=0x0000000005d023a3 sp=0x00000000020cd688 mode 2

Classes unloaded (0 events):
No events

Classes redefined (0 events):
No events

Internal exceptions (20 events):
Event: 12.655 Thread 0x00000000002fa960 Exception <a 'java/lang/NullPointerException'{0x00000000e2f34f78}> (0x00000000e2f34f78) 
thrown [s\src\hotspot\share\interpreter\linkResolver.cpp, line 1350]
Event: 12.655 Thread 0x00000000002fa960 Exception <a 'java/lang/NullPointerException'{0x00000000e2f35250}> (0x00000000e2f35250) 
thrown [s\src\hotspot\share\interpreter\linkResolver.cpp, line 1350]
Event: 12.656 Thread 0x00000000002fa960 Exception <a 'java/lang/NullPointerException'{0x00000000e2f35528}> (0x00000000e2f35528) 
thrown [s\src\hotspot\share\interpreter\linkResolver.cpp, line 1350]
Event: 37.333 Thread 0x00000000002fa960 Exception <a 'java/lang/NullPointerException'{0x00000000e2d9acb8}> (0x00000000e2d9acb8) 
thrown [s\src\hotspot\share\interpreter\linkResolver.cpp, line 1350]
Event: 37.334 Thread 0x00000000002fa960 Exception <a 'java/lang/NullPointerException'{0x00000000e2da3278}> (0x00000000e2da3278) 
thrown [s\src\hotspot\share\interpreter\linkResolver.cpp, line 1350]
Event: 73.696 Thread 0x00000000002fa960 Exception <a 'java/lang/NoSuchMethodError'{0x00000000e3098ff0}: 'java.lang.Object java.lang.invoke.DirectMethodHandle$Holder.newInvokeSpecial(java.lang.Object, java.lang.Object, java.lang.Object, java.lang.Object, java.lang.Object)'> (0x00000000e3098ff0) 
thrown [s\src\hotspot\share\interpreter\linkResolver.cpp, line 759]
Event: 81.222 Thread 0x00000000002fa960 Exception <a 'java/lang/NoClassDefFoundError'{0x00000000e2e2b6a0}: javax/enterprise/inject/Typed> (0x00000000e2e2b6a0) 
thrown [s\src\hotspot\share\classfile\systemDictionary.cpp, line 245]
Event: 108.252 Thread 0x00000000002fa960 Exception <a 'java/lang/NoClassDefFoundError'{0x00000000e2eae508}: org/apache/velocity/context/Context> (0x00000000e2eae508) 
thrown [s\src\hotspot\share\classfile\systemDictionary.cpp, line 245]
Event: 113.267 Thread 0x00000000002fa960 Exception <a 'java/lang/NoClassDefFoundError'{0x00000000e282a8c8}: org/apache/velocity/context/Context> (0x00000000e282a8c8) 
thrown [s\src\hotspot\share\classfile\systemDictionary.cpp, line 245]
Event: 114.119 Thread 0x00000000002fa960 Exception <a 'java/lang/NoClassDefFoundError'{0x00000000e2790100}: org/apache/maven/shared/invoker/InvocationRequest> (0x00000000e2790100) 
thrown [s\src\hotspot\share\classfile\systemDictionary.cpp, line 245]
Event: 118.015 Thread 0x00000000002fa960 Exception <a 'java/lang/NoClassDefFoundError'{0x00000000e24dcb28}: org/apache/maven/shared/artifact/filter/resolve/TransformableFilter> (0x00000000e24dcb28) 
thrown [s\src\hotspot\share\classfile\systemDictionary.cpp, line 245]
Event: 128.378 Thread 0x00000000002fa960 Exception <a 'java/lang/NoClassDefFoundError'{0x00000000e29dba78}: com/google/inject/servlet/ServletModuleTargetVisitor> (0x00000000e29dba78) 
thrown [s\src\hotspot\share\classfile\systemDictionary.cpp, line 245]
Event: 129.046 Thread 0x00000000002fa960 Exception <a 'java/lang/NoSuchMethodError'{0x00000000e272adc8}: 'java.lang.Object java.lang.invoke.DirectMethodHandle$Holder.invokeStaticInit(java.lang.Object, int, int, int, int)'> (0x00000000e272adc8) 
thrown [s\src\hotspot\share\interpreter\linkResolver.cpp, line 759]
Event: 129.481 Thread 0x00000000002fa960 Implicit null exception at 0x000000000d7aa3e2 to 0x000000000d7aa994
Event: 129.481 Thread 0x00000000002fa960 Implicit null exception at 0x000000000d7a0e62 to 0x000000000d7a13e4
Event: 162.145 Thread 0x00000000002fa960 Implicit null exception at 0x000000000d85b05e to 0x000000000d85db9c
Event: 162.146 Thread 0x00000000002fa960 Implicit null exception at 0x000000000d81df5a to 0x000000000d81e10c
Event: 162.146 Thread 0x00000000002fa960 Implicit null exception at 0x000000000d81ca48 to 0x000000000d81cad6
Event: 214.230 Thread 0x00000000002fa960 Implicit null exception at 0x000000000d81ecda to 0x000000000d81ee88
Event: 214.230 Thread 0x00000000002fa960 Implicit null exception at 0x000000000d81710f to 0x000000000d817181

VM Operations (20 events):
Event: 195.684 Executing VM operation: Cleanup
Event: 195.684 Executing VM operation: Cleanup done
Event: 199.684 Executing VM operation: Cleanup
Event: 199.684 Executing VM operation: Cleanup done
Event: 200.700 Executing VM operation: Cleanup
Event: 200.701 Executing VM operation: Cleanup done
Event: 201.211 Executing VM operation: G1CollectForAllocation
Event: 201.246 Executing VM operation: G1CollectForAllocation done
Event: 203.246 Executing VM operation: Cleanup
Event: 203.247 Executing VM operation: Cleanup done
Event: 205.246 Executing VM operation: Cleanup
Event: 205.247 Executing VM operation: Cleanup done
Event: 207.247 Executing VM operation: Cleanup
Event: 207.247 Executing VM operation: Cleanup done
Event: 209.247 Executing VM operation: Cleanup
Event: 209.247 Executing VM operation: Cleanup done
Event: 211.247 Executing VM operation: Cleanup
Event: 211.247 Executing VM operation: Cleanup done
Event: 214.247 Executing VM operation: Cleanup
Event: 214.252 Executing VM operation: Cleanup done

Events (20 events):
Event: 143.045 loading class java/util/LinkedList$ListItr
Event: 143.045 loading class java/util/LinkedList$ListItr done
Event: 143.615 loading class java/io/RandomAccessFile$1
Event: 143.615 loading class java/io/RandomAccessFile$1 done
Event: 146.646 loading class sun/nio/cs/ISO_8859_1$Decoder
Event: 146.646 loading class sun/nio/cs/ISO_8859_1$Decoder done
Event: 162.117 loading class java/util/concurrent/locks/ReentrantReadWriteLock$NonfairSync
Event: 162.117 loading class java/util/concurrent/locks/ReentrantReadWriteLock$Sync
Event: 162.118 loading class java/util/concurrent/locks/ReentrantReadWriteLock$Sync done
Event: 162.118 loading class java/util/concurrent/locks/ReentrantReadWriteLock$NonfairSync done
Event: 162.119 loading class java/util/concurrent/locks/ReentrantReadWriteLock$Sync$ThreadLocalHoldCounter
Event: 162.120 loading class java/util/concurrent/locks/ReentrantReadWriteLock$Sync$ThreadLocalHoldCounter done
Event: 162.120 loading class java/util/concurrent/locks/ReentrantReadWriteLock$ReadLock
Event: 162.120 loading class java/util/concurrent/locks/ReentrantReadWriteLock$ReadLock done
Event: 162.120 loading class java/util/concurrent/locks/ReentrantReadWriteLock$WriteLock
Event: 162.120 loading class java/util/concurrent/locks/ReentrantReadWriteLock$WriteLock done
Event: 214.207 loading class java/util/IdentityHashMap$KeyIterator
Event: 214.207 loading class java/util/IdentityHashMap$IdentityHashMapIterator
Event: 214.208 loading class java/util/IdentityHashMap$IdentityHashMapIterator done
Event: 214.208 loading class java/util/IdentityHashMap$KeyIterator done


Dynamic libraries:
0x000000013fe70000 - 0x000000013fe7e000 	C:\Users\Win\Desktop\sts-4.16.0.RELEASE\plugins\org.eclipse.justj.openjdk.hotspot.jre.full.win32.x86_64_17.0.4.v20220903-1038\jre\bin\javaw.exe
0x0000000077670000 - 0x000000007781a000 	C:\Windows\SYSTEM32\ntdll.dll
0x0000000077550000 - 0x000000007766f000 	C:\Windows\system32\kernel32.dll
0x000007fefd640000 - 0x000007fefd6aa000 	C:\Windows\system32\KERNELBASE.dll
0x000007fef4e70000 - 0x000007fef4e88000 	C:\Users\Win\Desktop\sts-4.16.0.RELEASE\plugins\org.eclipse.justj.openjdk.hotspot.jre.full.win32.x86_64_17.0.4.v20220903-1038\jre\bin\jli.dll
0x000007fefb5e0000 - 0x000007fefb7d4000 	C:\Windows\WinSxS\amd64_microsoft.windows.common-controls_6595b64144ccf1df_6.0.7601.18837_none_fa3b1e3d17594757\COMCTL32.dll
0x000007fefeb30000 - 0x000007fefebcf000 	C:\Windows\system32\msvcrt.dll
0x000007fefdca0000 - 0x000007fefdd07000 	C:\Windows\system32\GDI32.dll
0x0000000077450000 - 0x000000007754a000 	C:\Windows\system32\USER32.dll
0x000007fefdd10000 - 0x000007fefdd1e000 	C:\Windows\system32\LPK.dll
0x000007fefdbd0000 - 0x000007fefdc9a000 	C:\Windows\system32\USP10.dll
0x000007fefdd20000 - 0x000007fefdd91000 	C:\Windows\system32\SHLWAPI.dll
0x000007fef3b50000 - 0x000007fef3b69000 	C:\Users\Win\Desktop\sts-4.16.0.RELEASE\plugins\org.eclipse.justj.openjdk.hotspot.jre.full.win32.x86_64_17.0.4.v20220903-1038\jre\bin\VCRUNTIME140.dll
0x000007fef3e10000 - 0x000007fef3e14000 	C:\Users\Win\Desktop\sts-4.16.0.RELEASE\plugins\org.eclipse.justj.openjdk.hotspot.jre.full.win32.x86_64_17.0.4.v20220903-1038\jre\bin\api-ms-win-crt-runtime-l1-1-0.dll
0x000007fef0520000 - 0x000007fef061a000 	C:\Users\Win\Desktop\sts-4.16.0.RELEASE\plugins\org.eclipse.justj.openjdk.hotspot.jre.full.win32.x86_64_17.0.4.v20220903-1038\jre\bin\ucrtbase.DLL
0x000007fef3b40000 - 0x000007fef3b43000 	C:\Users\Win\Desktop\sts-4.16.0.RELEASE\plugins\org.eclipse.justj.openjdk.hotspot.jre.full.win32.x86_64_17.0.4.v20220903-1038\jre\bin\api-ms-win-core-localization-l1-2-0.dll
0x000007fef3b30000 - 0x000007fef3b33000 	C:\Users\Win\Desktop\sts-4.16.0.RELEASE\plugins\org.eclipse.justj.openjdk.hotspot.jre.full.win32.x86_64_17.0.4.v20220903-1038\jre\bin\api-ms-win-core-processthreads-l1-1-1.dll
0x000007fef3b20000 - 0x000007fef3b23000 	C:\Users\Win\Desktop\sts-4.16.0.RELEASE\plugins\org.eclipse.justj.openjdk.hotspot.jre.full.win32.x86_64_17.0.4.v20220903-1038\jre\bin\api-ms-win-core-file-l1-2-0.dll
0x000007fef3b10000 - 0x000007fef3b13000 	C:\Users\Win\Desktop\sts-4.16.0.RELEASE\plugins\org.eclipse.justj.openjdk.hotspot.jre.full.win32.x86_64_17.0.4.v20220903-1038\jre\bin\api-ms-win-core-timezone-l1-1-0.dll
0x000007fef3b00000 - 0x000007fef3b03000 	C:\Users\Win\Desktop\sts-4.16.0.RELEASE\plugins\org.eclipse.justj.openjdk.hotspot.jre.full.win32.x86_64_17.0.4.v20220903-1038\jre\bin\api-ms-win-core-file-l2-1-0.dll
0x000007fef3af0000 - 0x000007fef3af3000 	C:\Users\Win\Desktop\sts-4.16.0.RELEASE\plugins\org.eclipse.justj.openjdk.hotspot.jre.full.win32.x86_64_17.0.4.v20220903-1038\jre\bin\api-ms-win-core-synch-l1-2-0.dll
0x000007fef3ae0000 - 0x000007fef3ae3000 	C:\Users\Win\Desktop\sts-4.16.0.RELEASE\plugins\org.eclipse.justj.openjdk.hotspot.jre.full.win32.x86_64_17.0.4.v20220903-1038\jre\bin\api-ms-win-crt-heap-l1-1-0.dll
0x000007fef3ac0000 - 0x000007fef3ac4000 	C:\Users\Win\Desktop\sts-4.16.0.RELEASE\plugins\org.eclipse.justj.openjdk.hotspot.jre.full.win32.x86_64_17.0.4.v20220903-1038\jre\bin\api-ms-win-crt-string-l1-1-0.dll
0x000007fef39a0000 - 0x000007fef39a4000 	C:\Users\Win\Desktop\sts-4.16.0.RELEASE\plugins\org.eclipse.justj.openjdk.hotspot.jre.full.win32.x86_64_17.0.4.v20220903-1038\jre\bin\api-ms-win-crt-stdio-l1-1-0.dll
0x000007fef3240000 - 0x000007fef3244000 	C:\Users\Win\Desktop\sts-4.16.0.RELEASE\plugins\org.eclipse.justj.openjdk.hotspot.jre.full.win32.x86_64_17.0.4.v20220903-1038\jre\bin\api-ms-win-crt-convert-l1-1-0.dll
0x000007fef3230000 - 0x000007fef3233000 	C:\Users\Win\Desktop\sts-4.16.0.RELEASE\plugins\org.eclipse.justj.openjdk.hotspot.jre.full.win32.x86_64_17.0.4.v20220903-1038\jre\bin\api-ms-win-crt-environment-l1-1-0.dll
0x000007fef3220000 - 0x000007fef3223000 	C:\Users\Win\Desktop\sts-4.16.0.RELEASE\plugins\org.eclipse.justj.openjdk.hotspot.jre.full.win32.x86_64_17.0.4.v20220903-1038\jre\bin\api-ms-win-crt-filesystem-l1-1-0.dll
0x000007fef24f0000 - 0x000007fef24f5000 	C:\Users\Win\Desktop\sts-4.16.0.RELEASE\plugins\org.eclipse.justj.openjdk.hotspot.jre.full.win32.x86_64_17.0.4.v20220903-1038\jre\bin\api-ms-win-crt-math-l1-1-0.dll
0x000007fef24e0000 - 0x000007fef24e3000 	C:\Users\Win\Desktop\sts-4.16.0.RELEASE\plugins\org.eclipse.justj.openjdk.hotspot.jre.full.win32.x86_64_17.0.4.v20220903-1038\jre\bin\api-ms-win-crt-locale-l1-1-0.dll
0x000007feff690000 - 0x000007feff6be000 	C:\Windows\system32\IMM32.DLL
0x000007fefed50000 - 0x000007fefee59000 	C:\Windows\system32\MSCTF.dll
0x000007fef24b0000 - 0x000007fef24bc000 	C:\Users\Win\Desktop\sts-4.16.0.RELEASE\plugins\org.eclipse.justj.openjdk.hotspot.jre.full.win32.x86_64_17.0.4.v20220903-1038\jre\bin\vcruntime140_1.dll
0x000007fef0480000 - 0x000007fef0511000 	C:\Users\Win\Desktop\sts-4.16.0.RELEASE\plugins\org.eclipse.justj.openjdk.hotspot.jre.full.win32.x86_64_17.0.4.v20220903-1038\jre\bin\msvcp140.dll
0x000007fef24a0000 - 0x000007fef24a3000 	C:\Users\Win\Desktop\sts-4.16.0.RELEASE\plugins\org.eclipse.justj.openjdk.hotspot.jre.full.win32.x86_64_17.0.4.v20220903-1038\jre\bin\api-ms-win-crt-time-l1-1-0.dll
0x000007fef2470000 - 0x000007fef2473000 	C:\Users\Win\Desktop\sts-4.16.0.RELEASE\plugins\org.eclipse.justj.openjdk.hotspot.jre.full.win32.x86_64_17.0.4.v20220903-1038\jre\bin\api-ms-win-crt-utility-l1-1-0.dll
0x000007feecb90000 - 0x000007feed7d6000 	C:\Users\Win\Desktop\sts-4.16.0.RELEASE\plugins\org.eclipse.justj.openjdk.hotspot.jre.full.win32.x86_64_17.0.4.v20220903-1038\jre\bin\server\jvm.dll
0x000007feff8a0000 - 0x000007feff97b000 	C:\Windows\system32\ADVAPI32.dll
0x000007feff880000 - 0x000007feff89f000 	C:\Windows\SYSTEM32\sechost.dll
0x000007fefebd0000 - 0x000007fefecfd000 	C:\Windows\system32\RPCRT4.dll
0x000007fef3e40000 - 0x000007fef3e49000 	C:\Windows\system32\WSOCK32.dll
0x000007fefed00000 - 0x000007fefed4d000 	C:\Windows\system32\WS2_32.dll
0x000007feff250000 - 0x000007feff258000 	C:\Windows\system32\NSI.dll
0x000007fef8d80000 - 0x000007fef8dbb000 	C:\Windows\system32\WINMM.dll
0x000007fefc4e0000 - 0x000007fefc4ec000 	C:\Windows\system32\VERSION.dll
0x0000000077840000 - 0x0000000077847000 	C:\Windows\system32\PSAPI.DLL
0x000007fef4ea0000 - 0x000007fef4eaa000 	C:\Users\Win\Desktop\sts-4.16.0.RELEASE\plugins\org.eclipse.justj.openjdk.hotspot.jre.full.win32.x86_64_17.0.4.v20220903-1038\jre\bin\jimage.dll
0x000007fef92f0000 - 0x000007fef9415000 	C:\Windows\system32\DBGHELP.DLL
0x000007fef4780000 - 0x000007fef47a5000 	C:\Users\Win\Desktop\sts-4.16.0.RELEASE\plugins\org.eclipse.justj.openjdk.hotspot.jre.full.win32.x86_64_17.0.4.v20220903-1038\jre\bin\java.dll
0x000007fef4830000 - 0x000007fef4848000 	C:\Users\Win\Desktop\sts-4.16.0.RELEASE\plugins\org.eclipse.justj.openjdk.hotspot.jre.full.win32.x86_64_17.0.4.v20220903-1038\jre\bin\zip.dll
0x000007fefdda0000 - 0x000007fefeb29000 	C:\Windows\system32\SHELL32.dll
0x000007feff040000 - 0x000007feff243000 	C:\Windows\system32\ole32.dll
0x000007fefd3f0000 - 0x000007fefd3ff000 	C:\Windows\system32\profapi.dll
0x000007fef4890000 - 0x000007fef48a9000 	C:\Users\Win\Desktop\sts-4.16.0.RELEASE\plugins\org.eclipse.justj.openjdk.hotspot.jre.full.win32.x86_64_17.0.4.v20220903-1038\jre\bin\net.dll
0x000007fef7b30000 - 0x000007fef7ba1000 	C:\Windows\system32\WINHTTP.dll
0x000007fef7ac0000 - 0x000007fef7b24000 	C:\Windows\system32\webio.dll
0x000007fefcb90000 - 0x000007fefcbe5000 	C:\Windows\system32\mswsock.dll
0x000007fefcb80000 - 0x000007fefcb87000 	C:\Windows\System32\wship6.dll
0x000007fef47c0000 - 0x000007fef47d5000 	C:\Users\Win\Desktop\sts-4.16.0.RELEASE\plugins\org.eclipse.justj.openjdk.hotspot.jre.full.win32.x86_64_17.0.4.v20220903-1038\jre\bin\nio.dll
0x0000000069ac0000 - 0x0000000069ae4000 	C:\Users\Win\AppData\Local\Temp\jansi-2.4.0-dd2a9fecaadc8c72-jansi.dll
0x000007fef47b0000 - 0x000007fef47c0000 	C:\Users\Win\Desktop\sts-4.16.0.RELEASE\plugins\org.eclipse.justj.openjdk.hotspot.jre.full.win32.x86_64_17.0.4.v20220903-1038\jre\bin\verify.dll

dbghelp: loaded successfully - version: 4.0.5 - missing functions: none
symbol engine: initialized successfully - sym options: 0x614 - pdb path: .;C:\Users\Win\Desktop\sts-4.16.0.RELEASE\plugins\org.eclipse.justj.openjdk.hotspot.jre.full.win32.x86_64_17.0.4.v20220903-1038\jre\bin;C:\Windows\SYSTEM32;C:\Windows\WinSxS\amd64_microsoft.windows.common-controls_6595b64144ccf1df_6.0.7601.18837_none_fa3b1e3d17594757;C:\Users\Win\Desktop\sts-4.16.0.RELEASE\plugins\org.eclipse.justj.openjdk.hotspot.jre.full.win32.x86_64_17.0.4.v20220903-1038\jre\bin\server;C:\Users\Win\AppData\Local\Temp

VM Arguments:
jvm_args: -Dmaven.home=EMBEDDED -Dclassworlds.conf=C:\Users\Win\Documents\workspace-spring-tool-suite-4-4.16.0.RELEASE\.metadata\.plugins\org.eclipse.m2e.launching\launches\m2conf16110580080961702812.tmp -Dmaven.multiModuleProjectDirectory=C:\Users\Win\Desktop\empl-service -Dfile.encoding=UTF-8 -XX:+ShowCodeDetailsInExceptionMessages 
java_command: org.codehaus.plexus.classworlds.launcher.Launcher -B -Dstyle.color=always sonar:sonar -Dsonar.projectKey=sonar_testo -Dsonar.host.url=http://localhost:9000 -Dsonar.login=sqp_e1003feb2c54f79235665cdfdeac82f8f7342f72
java_class_path (initial): C:\Users\Win\Desktop\sts-4.16.0.RELEASE\plugins\org.eclipse.m2e.maven.runtime_3.8.601.20220820-1147\jars\plexus-classworlds-2.6.0.jar
Launcher Type: SUN_STANDARD

[Global flags]
     intx CICompilerCount                          = 3                                         {product} {ergonomic}
     uint ConcGCThreads                            = 1                                         {product} {ergonomic}
     uint G1ConcRefinementThreads                  = 4                                         {product} {ergonomic}
   size_t G1HeapRegionSize                         = 1048576                                   {product} {ergonomic}
    uintx GCDrainStackTargetSize                   = 64                                        {product} {ergonomic}
   size_t InitialHeapSize                          = 33554432                                  {product} {ergonomic}
   size_t MarkStackSize                            = 4194304                                   {product} {ergonomic}
   size_t MaxHeapSize                              = 515899392                                 {product} {ergonomic}
   size_t MaxNewSize                               = 309329920                                 {product} {ergonomic}
   size_t MinHeapDeltaBytes                        = 1048576                                   {product} {ergonomic}
   size_t MinHeapSize                              = 8388608                                   {product} {ergonomic}
    uintx NonNMethodCodeHeapSize                   = 5832780                                {pd product} {ergonomic}
    uintx NonProfiledCodeHeapSize                  = 122912730                              {pd product} {ergonomic}
    uintx ProfiledCodeHeapSize                     = 122912730                              {pd product} {ergonomic}
    uintx ReservedCodeCacheSize                    = 251658240                              {pd product} {ergonomic}
     bool SegmentedCodeCache                       = true                                      {product} {ergonomic}
     bool ShowCodeDetailsInExceptionMessages       = true                                   {manageable} {command line}
   size_t SoftMaxHeapSize                          = 515899392                              {manageable} {ergonomic}
     bool UseCompressedClassPointers               = true                           {product lp64_product} {ergonomic}
     bool UseCompressedOops                        = true                           {product lp64_product} {ergonomic}
     bool UseG1GC                                  = true                                      {product} {ergonomic}
     bool UseLargePagesIndividualAllocation        = false                                  {pd product} {ergonomic}

Logging:
Log output configuration:
 #0: stdout all=warning uptime,level,tags
 #1: stderr all=off uptime,level,tags

Environment Variables:
PATH=C:/Users/Win/Desktop/sts-4.16.0.RELEASE//plugins/org.eclipse.justj.openjdk.hotspot.jre.full.win32.x86_64_17.0.4.v20220903-1038/jre/bin/server;C:/Users/Win/Desktop/sts-4.16.0.RELEASE//plugins/org.eclipse.justj.openjdk.hotspot.jre.full.win32.x86_64_17.0.4.v20220903-1038/jre/bin;C:\Program Files\Common Files\Oracle\Java\javapath;C:\ProgramData\Oracle\Java\javapath;C:\Windows\system32;C:\Windows;C:\Windows\System32\Wbem;C:\Windows\System32\WindowsPowerShell\v1.0\;C:\Program Files (x86)\Intel\OpenCL SDK\2.0\bin\x86;C:\Program Files (x86)\Intel\OpenCL SDK\2.0\bin\x64;C:\Users\Win\sqlite-tools-win32-x86-3390300;C:\Users\Win\Desktop\sts-4.16.0.RELEASE;
USERNAME=Win
OS=Windows_NT
PROCESSOR_IDENTIFIER=Intel64 Family 6 Model 42 Stepping 7, GenuineIntel
TMP=C:\Users\Win\AppData\Local\Temp
TEMP=C:\Users\Win\AppData\Local\Temp



---------------  S Y S T E M  ---------------

OS:
 Windows 7 , 64 bit Build 7601 (6.1.7601.23418)
OS uptime: 0 days 0:55 hours

CPU: total 4 (initial active 4) (2 cores per cpu, 2 threads per core) family 6 model 42 stepping 7 microcode 0x0, cx8, cmov, fxsr, ht, mmx, sse, sse2, sse3, ssse3, sse4.1, sse4.2, popcnt, tsc, tscinvbit, avx, clmul, vzeroupper, clflush

Memory: 4k page, system-wide physical 1962M (134M free)
TotalPageFile size 7848M (AvailPageFile size 4M)
current process WorkingSet (physical memory assigned to process): 197M, peak: 198M
current process commit charge ("private bytes"): 253M, peak: 264M

vm_info: OpenJDK 64-Bit Server VM (17.0.4.1+1) for windows-amd64 JRE (17.0.4.1+1), built on Aug 17 2022 07:42:43 by "temurin" with MS VC++ 16.7 (VS2019)

END.
